mktextfm FandolHei-Regular/OT
mktextfm FandolHei-Regular/OT
mktextfm FandolHei-Bold/OT
mktextfm FandolHei-Bold/I/OT
mktextfm FandolHei-Regular/OT
mktextfm FandolHei-Regular/BI/OT
mktextfm FandolHei-Regular/OT
mktextfm FandolHei-Regular/I/OT
mktextfm FandolHei-Regular/OT
mktextfm FandolHei-Regular/OT
mktextfm FandolHei-Bold/OT
mktextfm FandolHei-Bold/OT
mktextfm FandolHei-Regular/OT
mktextfm FandolHei-Regular/OT
mktextfm FandolHei-Bold/OT
mktextfm FandolHei-Bold/I/OT
mktextfm FandolHei-Regular/OT
mktextfm FandolHei-Regular/BI/OT
mktextfm FandolHei-Regular/OT
mktextfm FandolHei-Regular/I/OT
mktextfm FandolHei-Regular/OT
mktextfm FandolHei-Regular/OT
mktextfm FandolHei-Bold/OT
mktextfm FandolHei-Bold/OT
