\BOOKMARK [-1][]{ctitle.-1}{中国科学院大学学位论文 LaTeX模板使用示例文档}{}% 1
\BOOKMARK [0][]{section*.3}{摘 要}{ctitle.-1}% 2
\BOOKMARK [0][]{ucaschapter.1.0}{Abstract}{ctitle.-1}% 3
\BOOKMARK [0][]{section*.5}{目 录}{ctitle.-1}% 4
\BOOKMARK [0][]{section*.6}{图目录}{ctitle.-1}% 5
\BOOKMARK [0][]{section*.7}{表目录}{ctitle.-1}% 6
\BOOKMARK [0][]{chapter.1}{第一章 带 English 的标题}{ctitle.-1}% 7
\BOOKMARK [1][-]{section.1.1}{1.1 封面相关}{chapter.1}% 8
\BOOKMARK [1][-]{section.1.2}{1.2 字体命令}{chapter.1}% 9
\BOOKMARK [1][-]{section.1.3}{1.3 表格样本}{chapter.1}% 10
\BOOKMARK [2][-]{subsection.1.3.1}{1.3.1 基本表格}{section.1.3}% 11
\BOOKMARK [2][-]{subsection.1.3.2}{1.3.2 复杂表格}{section.1.3}% 12
\BOOKMARK [2][-]{subsection.1.3.3}{1.3.3 其它}{section.1.3}% 13
\BOOKMARK [1][-]{section.1.4}{1.4 定理环境}{chapter.1}% 14
\BOOKMARK [1][-]{section.1.5}{1.5 章节引用}{chapter.1}% 15
\BOOKMARK [1][-]{section.1.6}{1.6 参考文献}{chapter.1}% 16
\BOOKMARK [1][-]{section.1.7}{1.7 公式}{chapter.1}% 17
\BOOKMARK [0][]{chapter.2}{第二章 中华人民共和国}{ctitle.-1}% 18
\BOOKMARK [1][-]{section.2.1}{2.1 其它例子}{chapter.2}% 19
\BOOKMARK [2][-]{subsection.2.1.1}{2.1.1 绘图}{section.2.1}% 20
\BOOKMARK [2][-]{subsection.2.1.2}{2.1.2 插图}{section.2.1}% 21
\BOOKMARK [0][]{section*.18}{参考文献}{ctitle.-1}% 22
\BOOKMARK [0][]{appendix.A}{附录 A 外文资料原文}{ctitle.-1}% 23
\BOOKMARK [1][-]{section.A.1}{A.1\040Single-Objective\040Programming}{appendix.A}% 24
\BOOKMARK [2][-]{subsection.A.1.1}{A.1.1\040Linear\040Programming}{section.A.1}% 25
\BOOKMARK [2][-]{subsection.A.1.2}{A.1.2\040Nonlinear\040Programming}{section.A.1}% 26
\BOOKMARK [2][-]{subsection.A.1.3}{A.1.3\040Integer\040Programming}{section.A.1}% 27
\BOOKMARK [0][]{appendix.B}{附录 B 外文资料的调研阅读报告或书面翻译}{ctitle.-1}% 28
\BOOKMARK [1][-]{section.B.1}{B.1 单目标规划}{appendix.B}% 29
\BOOKMARK [2][-]{subsection.B.1.1}{B.1.1 线性规划}{section.B.1}% 30
\BOOKMARK [2][-]{subsection.B.1.2}{B.1.2 非线性规划}{section.B.1}% 31
\BOOKMARK [2][-]{subsection.B.1.3}{B.1.3 整数规划}{section.B.1}% 32
\BOOKMARK [0][]{appendix.C}{附录 C 其它附录}{ctitle.-1}% 33
\BOOKMARK [0][]{section*.27}{致 谢}{ctitle.-1}% 34
\BOOKMARK [0][]{section*.28}{作者简介}{ctitle.-1}% 35
